<?xml version="1.0" encoding="utf-8" ?>
<!DOCTYPE html PUBLIC "-//W3C//DTD XHTML 1.0 Strict//EN"
        "http://www.w3.org/TR/xhtml1/DTD/xhtml1-strict.dtd">
<html xmlns="http://www.w3.org/1999/xhtml" xml:lang="" lang="">
<head>
  <title>Test Results Report - Firefox Test</title>
  <meta http-equiv="Content-Type" content="text/html;charset=utf-8" />
  <meta name="description" content="TestNG unit test results." />
  <link href="reportng.css" rel="stylesheet" type="text/css" />
    <script type="text/javascript" src="reportng.js"></script>
</head>
<body>
<h1>Firefox Test</h1>
<p>
  Test duration: 9.295s
</p>

  <table class="resultsTable configTable">
    <tr><th colspan="3" class="header failedConfig">Failed Configuration</th></tr>
              <tr class="group">
        <td colspan="3">testngTestcases.Parameterization</td>
      </tr>
            
<tr>
  <td class="method">
                  tearDown
      </td>
  <td class="duration">
    0.031s
  </td>
  <td class="result">
        
    
        

        <a href="javascript:toggleElement('exception-0', 'block')" title="Click to expand/collapse"><b>org.openqa.selenium.remote.http.ConnectionFailedException: JdkWebSocket initial request execution error<br/>
Build info: version: &apos;4.23.1&apos;, revision: &apos;656257d8e9&apos;<br/>
System info: os.name: &apos;Windows 11&apos;, os.arch: &apos;amd64&apos;, os.version: &apos;10.0&apos;, java.version: &apos;21.0.4&apos;<br/>
Driver info: driver.version: FirefoxDriver</b></a><br />
    <div class="stackTrace" id="exception-0">
              org.openqa.selenium.remote.http.jdk.JdkHttpClient.openSocket(JdkHttpClient.java:248)<br />
              org.openqa.selenium.devtools.Connection.&lt;init&gt;(Connection.java:89)<br />
              org.openqa.selenium.firefox.FirefoxDriver.maybeGetDevTools(FirefoxDriver.java:335)<br />
              org.openqa.selenium.remote.RemoteWebDriver.quit(RemoteWebDriver.java:439)<br />
              org.openqa.selenium.firefox.FirefoxDriver.quit(FirefoxDriver.java:397)<br />
              testngTestcases.Parameterization.tearDown(Parameterization.java:53)<br />
              java.base/jdk.internal.reflect.DirectMethodHandleAccessor.invoke(DirectMethodHandleAccessor.java:103)<br />
              java.base/java.lang.reflect.Method.invoke(Method.java:580)<br />
              org.testng.internal.invokers.MethodInvocationHelper.invokeMethod(MethodInvocationHelper.java:141)<br />
              org.testng.internal.invokers.MethodInvocationHelper.invokeMethodConsideringTimeout(MethodInvocationHelper.java:71)<br />
              org.testng.internal.invokers.ConfigInvoker.invokeConfigurationMethod(ConfigInvoker.java:400)<br />
              org.testng.internal.invokers.ConfigInvoker.invokeConfigurations(ConfigInvoker.java:333)<br />
              org.testng.internal.invokers.TestInvoker.runConfigMethods(TestInvoker.java:833)<br />
              org.testng.internal.invokers.TestInvoker.runAfterConfigurations(TestInvoker.java:802)<br />
              org.testng.internal.invokers.TestInvoker.invokeMethod(TestInvoker.java:778)<br />
              org.testng.internal.invokers.TestInvoker.invokeTestMethod(TestInvoker.java:230)<br />
              org.testng.internal.invokers.MethodRunner.runInSequence(MethodRunner.java:63)<br />
              org.testng.internal.invokers.TestInvoker$MethodInvocationAgent.invoke(TestInvoker.java:992)<br />
              org.testng.internal.invokers.TestInvoker.invokeTestMethods(TestInvoker.java:203)<br />
              org.testng.internal.invokers.TestMethodWorker.invokeTestMethods(TestMethodWorker.java:154)<br />
              org.testng.internal.invokers.TestMethodWorker.run(TestMethodWorker.java:134)<br />
              java.base/java.util.ArrayList.forEach(ArrayList.java:1596)<br />
              org.testng.TestRunner.privateRun(TestRunner.java:739)<br />
              org.testng.TestRunner.run(TestRunner.java:614)<br />
              org.testng.SuiteRunner.runTest(SuiteRunner.java:421)<br />
              org.testng.SuiteRunner$SuiteWorker.run(SuiteRunner.java:463)<br />
              org.testng.internal.thread.ThreadUtil.lambda$execute$0(ThreadUtil.java:64)<br />
              java.base/java.util.concurrent.FutureTask.run(FutureTask.java:317)<br />
              java.base/java.util.concurrent.ThreadPoolExecutor.runWorker(ThreadPoolExecutor.java:1144)<br />
              java.base/java.util.concurrent.ThreadPoolExecutor$Worker.run(ThreadPoolExecutor.java:642)<br />
              java.base/java.lang.Thread.run(Thread.java:1583)<br />
                    <b>Caused by: </b> <a href="javascript:toggleElement('exception-1', 'block')" title="Click to expand/collapse">java.net.ConnectException</a><br />
        <div class="stackTrace" id="exception-1">
                      java.net.http/jdk.internal.net.http.common.Utils.toConnectException(Utils.java:1028)<br />
                      java.net.http/jdk.internal.net.http.PlainHttpConnection.connectAsync(PlainHttpConnection.java:227)<br />
                      java.net.http/jdk.internal.net.http.PlainHttpConnection.checkRetryConnect(PlainHttpConnection.java:280)<br />
                      java.net.http/jdk.internal.net.http.PlainHttpConnection.lambda$connectAsync$2(PlainHttpConnection.java:238)<br />
                      java.base/java.util.concurrent.CompletableFuture.uniHandle(CompletableFuture.java:934)<br />
                      java.base/java.util.concurrent.CompletableFuture$UniHandle.tryFire(CompletableFuture.java:911)<br />
                      java.base/java.util.concurrent.CompletableFuture.postComplete(CompletableFuture.java:510)<br />
                      java.base/java.util.concurrent.CompletableFuture$AsyncSupply.run(CompletableFuture.java:1773)<br />
                      java.base/java.util.concurrent.ThreadPoolExecutor.runWorker(ThreadPoolExecutor.java:1144)<br />
                      java.base/java.util.concurrent.ThreadPoolExecutor$Worker.run(ThreadPoolExecutor.java:642)<br />
                      java.base/java.lang.Thread.run(Thread.java:1583)<br />
                  </div>
              <b>Caused by: </b> <a href="javascript:toggleElement('exception-2', 'block')" title="Click to expand/collapse">java.nio.channels.ClosedChannelException</a><br />
        <div class="stackTrace" id="exception-2">
                      java.base/sun.nio.ch.SocketChannelImpl.ensureOpen(SocketChannelImpl.java:202)<br />
                      java.base/sun.nio.ch.SocketChannelImpl.beginConnect(SocketChannelImpl.java:786)<br />
                      java.base/sun.nio.ch.SocketChannelImpl.connect(SocketChannelImpl.java:874)<br />
                      java.net.http/jdk.internal.net.http.PlainHttpConnection.lambda$connectAsync$1(PlainHttpConnection.java:210)<br />
                      java.base/java.security.AccessController.doPrivileged(AccessController.java:571)<br />
                      java.net.http/jdk.internal.net.http.PlainHttpConnection.connectAsync(PlainHttpConnection.java:212)<br />
                      java.net.http/jdk.internal.net.http.PlainHttpConnection.checkRetryConnect(PlainHttpConnection.java:280)<br />
                      java.net.http/jdk.internal.net.http.PlainHttpConnection.lambda$connectAsync$2(PlainHttpConnection.java:238)<br />
                      java.base/java.util.concurrent.CompletableFuture.uniHandle(CompletableFuture.java:934)<br />
                      java.base/java.util.concurrent.CompletableFuture$UniHandle.tryFire(CompletableFuture.java:911)<br />
                      java.base/java.util.concurrent.CompletableFuture.postComplete(CompletableFuture.java:510)<br />
                      java.base/java.util.concurrent.CompletableFuture$AsyncSupply.run(CompletableFuture.java:1773)<br />
                      java.base/java.util.concurrent.ThreadPoolExecutor.runWorker(ThreadPoolExecutor.java:1144)<br />
                      java.base/java.util.concurrent.ThreadPoolExecutor$Worker.run(ThreadPoolExecutor.java:642)<br />
                      java.base/java.lang.Thread.run(Thread.java:1583)<br />
                  </div>
          </div>
      </td>
</tr>
    
          <tr><td colspan="3">&nbsp;</td></tr>
      <tr><td colspan="3" class="header skippedConfig">Skipped Configuration</td></tr>
                    <tr>
          <td colspan="3" class="group">testngTestcases.Parameterization</td>
        </tr>
                
<tr>
  <td class="method">
                  launchBrowser
      </td>
  <td class="duration">
    0.000s
  </td>
  <td class="result">
                               
    
        

      </td>
</tr>
<tr>
  <td class="method">
                  tearDown
      </td>
  <td class="duration">
    0.000s
  </td>
  <td class="result">
                               
    
        

      </td>
</tr>
            </table>


  <table class="resultsTable">
    <tr><th colspan="3" class="header failed">Failed Tests</th></tr>
          <tr>
        <td colspan="3" class="group">testngTestcases.Parameterization</td>
      </tr>
            
<tr>
  <td class="method">
                  doLogin
      </td>
  <td class="duration">
    0.109s
  </td>
  <td class="result">
        
    
            <div class="testOutput">
                        Test case started: doLogin
                                Testcase is being failed : doLogin
                                <a href="C:\Users\91733\OneDrive\Desktop\new.png" target="blank">Screenshot link</a>
                                <br>
                                <a href="C:\Users\91733\OneDrive\Desktop\new.png" target="blank"><img src="C:\Users\91733\OneDrive\Desktop\new.png" width=200 height=200 /></a>
                  </div>
    

        <a href="javascript:toggleElement('exception-2', 'block')" title="Click to expand/collapse"><b>org.openqa.selenium.NoSuchWindowException: Browsing context has been discarded<br/>
Build info: version: &apos;4.23.1&apos;, revision: &apos;656257d8e9&apos;<br/>
System info: os.name: &apos;Windows 11&apos;, os.arch: &apos;amd64&apos;, os.version: &apos;10.0&apos;, java.version: &apos;21.0.4&apos;<br/>
Driver info: org.openqa.selenium.firefox.FirefoxDriver<br/>
Command: [1f0b0f0a-ba18-4e00-8f33-d1b786b3b316, getTitle {}]<br/>
Capabilities {acceptInsecureCerts: true, browserName: firefox, browserVersion: 122.0.1, moz:accessibilityChecks: false, moz:buildID: 20240205133611, moz:debuggerAddress: 127.0.0.1:28317, moz:geckodriverVersion: 0.35.0, moz:headless: false, moz:platformVersion: 10.0, moz:processID: 11456, moz:profile: C:\Users\91733\AppData\Loca..., moz:shutdownTimeout: 60000, moz:webdriverClick: true, moz:windowless: false, pageLoadStrategy: normal, platformName: windows, proxy: Proxy(), se:cdp: ws://127.0.0.1:28317/devtoo..., se:cdpVersion: 85.0, setWindowRect: true, strictFileInteractability: false, timeouts: {implicit: 0, pageLoad: 300000, script: 30000}, unhandledPromptBehavior: dismiss and notify}<br/>
Session ID: 1f0b0f0a-ba18-4e00-8f33-d1b786b3b316</b></a><br />
    <div class="stackTrace" id="exception-2">
              java.base/jdk.internal.reflect.DirectConstructorHandleAccessor.newInstance(DirectConstructorHandleAccessor.java:62)<br />
              java.base/java.lang.reflect.Constructor.newInstanceWithCaller(Constructor.java:502)<br />
              java.base/java.lang.reflect.Constructor.newInstance(Constructor.java:486)<br />
              org.openqa.selenium.remote.ErrorCodec.decode(ErrorCodec.java:167)<br />
              org.openqa.selenium.remote.codec.w3c.W3CHttpResponseCodec.decode(W3CHttpResponseCodec.java:138)<br />
              org.openqa.selenium.remote.codec.w3c.W3CHttpResponseCodec.decode(W3CHttpResponseCodec.java:50)<br />
              org.openqa.selenium.remote.HttpCommandExecutor.execute(HttpCommandExecutor.java:190)<br />
              org.openqa.selenium.remote.service.DriverCommandExecutor.invokeExecute(DriverCommandExecutor.java:216)<br />
              org.openqa.selenium.remote.service.DriverCommandExecutor.execute(DriverCommandExecutor.java:174)<br />
              org.openqa.selenium.remote.RemoteWebDriver.execute(RemoteWebDriver.java:545)<br />
              org.openqa.selenium.remote.RemoteWebDriver.execute(RemoteWebDriver.java:618)<br />
              org.openqa.selenium.remote.RemoteWebDriver.execute(RemoteWebDriver.java:622)<br />
              org.openqa.selenium.remote.RemoteWebDriver.getTitle(RemoteWebDriver.java:318)<br />
              testngTestcases.Parameterization.doLogin(Parameterization.java:41)<br />
              java.base/jdk.internal.reflect.DirectMethodHandleAccessor.invoke(DirectMethodHandleAccessor.java:103)<br />
              java.base/java.lang.reflect.Method.invoke(Method.java:580)<br />
              org.testng.internal.invokers.MethodInvocationHelper.invokeMethod(MethodInvocationHelper.java:141)<br />
              org.testng.internal.invokers.TestInvoker.invokeMethod(TestInvoker.java:686)<br />
              org.testng.internal.invokers.TestInvoker.invokeTestMethod(TestInvoker.java:230)<br />
              org.testng.internal.invokers.MethodRunner.runInSequence(MethodRunner.java:63)<br />
              org.testng.internal.invokers.TestInvoker$MethodInvocationAgent.invoke(TestInvoker.java:992)<br />
              org.testng.internal.invokers.TestInvoker.invokeTestMethods(TestInvoker.java:203)<br />
              org.testng.internal.invokers.TestMethodWorker.invokeTestMethods(TestMethodWorker.java:154)<br />
              org.testng.internal.invokers.TestMethodWorker.run(TestMethodWorker.java:134)<br />
              java.base/java.util.ArrayList.forEach(ArrayList.java:1596)<br />
              org.testng.TestRunner.privateRun(TestRunner.java:739)<br />
              org.testng.TestRunner.run(TestRunner.java:614)<br />
              org.testng.SuiteRunner.runTest(SuiteRunner.java:421)<br />
              org.testng.SuiteRunner$SuiteWorker.run(SuiteRunner.java:463)<br />
              org.testng.internal.thread.ThreadUtil.lambda$execute$0(ThreadUtil.java:64)<br />
              java.base/java.util.concurrent.FutureTask.run(FutureTask.java:317)<br />
              java.base/java.util.concurrent.ThreadPoolExecutor.runWorker(ThreadPoolExecutor.java:1144)<br />
              java.base/java.util.concurrent.ThreadPoolExecutor$Worker.run(ThreadPoolExecutor.java:642)<br />
              java.base/java.lang.Thread.run(Thread.java:1583)<br />
                </div>
      </td>
</tr>
      </table>

  <table class="resultsTable" width="100%">
    <tr><th colspan="3" class="header skipped">Skipped Tests</th></tr>
          <tr>
        <td colspan="3" class="group">testngTestcases.Parameterization</td>
      </tr>
            
<tr>
  <td class="method">
                  doUser
      </td>
  <td class="duration">
    0.000s
  </td>
  <td class="result">
                               
    
            <div class="testOutput">
                        Testcase has been skipped : doUser
                  </div>
    

      </td>
</tr>
      </table>

  
</body>
</html>
