<!DOCTYPE html PUBLIC "-//W3C//DTD XHTML 1.1//EN" "https://www.w3.org/TR/xhtml11/DTD/xhtml11.dtd">
<html xmlns="https://www.w3.org/1999/xhtml">
<head>
<meta http-equiv="content-type" content="text/html; charset=UTF-8"/>
<title>TestNG Report</title>
<style type="text/css">table {margin-bottom:10px;border-collapse:collapse;empty-cells:show}th,td {border:1px solid #009;padding:.25em .5em}th {vertical-align:bottom}td {vertical-align:top}table a {font-weight:bold}.stripe td {background-color: #E6EBF9}.num {text-align:right}.passedodd td {background-color: #3F3}.passedeven td {background-color: #0A0}.skippedodd td {background-color: #DDD}.skippedeven td {background-color: #CCC}.failedodd td,.attn {background-color: #F33}.failedeven td,.stripe .attn {background-color: #D00}.stacktrace {white-space:pre;font-family:monospace}.totop {font-size:85%;text-align:center;border-bottom:2px solid #000}.invisible {display:none}</style>
</head>
<body>
<table>
<tr><th>Test</th><th># Passed</th><th># Skipped</th><th># Retried</th><th># Failed</th><th>Time (ms)</th><th>Included Groups</th><th>Excluded Groups</th></tr>
<tr><th colspan="8">Learning TestNG</th></tr>
<tr><td><a href="#t0">Login Test</a></td><td class="num">2</td><td class="num">0</td><td class="num">0</td><td class="num">0</td><td class="num">75</td><td></td><td></td></tr>
<tr class="stripe"><td><a href="#t1">Assertion Test</a></td><td class="num">0</td><td class="num">0</td><td class="num">0</td><td class="num attn">1</td><td class="num">16</td><td></td><td></td></tr>
<tr><td><a href="#t2">Depends On Method Test</a></td><td class="num">0</td><td class="num attn">2</td><td class="num">0</td><td class="num attn">1</td><td class="num">17</td><td></td><td></td></tr>
<tr><th>Total</th><th class="num">2</th><th class="num attn">2</th><th class="num">0</th><th class="num attn">2</th><th class="num">108</th><th colspan="2"></th></tr>
</table>
<table id='summary'><thead><tr><th>Class</th><th>Method</th><th>Start</th><th>Time (ms)</th></tr></thead><tbody><tr><th colspan="4">Learning TestNG</th></tr></tbody><tbody id="t0"><tr><th colspan="4">Login Test &#8212; passed</th></tr><tr class="passedeven"><td rowspan="2">testngTestcases.Testcase1</td><td><a href="#m0">doLogin</a></td><td rowspan="1">1729508473227</td><td rowspan="1">3</td></tr><tr class="passedeven"><td><a href="#m1">doUserReg</a></td><td rowspan="1">1729508473208</td><td rowspan="1">10</td></tr></tbody>
<tbody id="t1"><tr><th colspan="4">Assertion Test &#8212; failed</th></tr><tr class="failedeven"><td rowspan="1">testngTestcases.Testcase2</td><td><a href="#m2">verifyTitle</a></td><td rowspan="1">1729508473322</td><td rowspan="1">11</td></tr></tbody>
<tbody id="t2"><tr><th colspan="4">Depends On Method Test &#8212; failed</th></tr><tr class="failedeven"><td rowspan="1">testngTestcases.Testcase3</td><td><a href="#m3">doUserReg</a></td><td rowspan="1">1729508473353</td><td rowspan="1">2</td></tr><tr><th colspan="4">Depends On Method Test &#8212; skipped</th></tr><tr class="skippedeven"><td rowspan="2">testngTestcases.Testcase3</td><td><a href="#m4">doLogin</a></td><td rowspan="1">1729508473359</td><td rowspan="1">0</td></tr><tr class="skippedeven"><td><a href="#m5">doSkip</a></td><td rowspan="1">1729508473349</td><td rowspan="1">2</td></tr></tbody>
</table>
<h2>Login Test</h2><h3 id="m0">testngTestcases.Testcase1#doLogin</h3><table class="result"><tr><th class="invisible"/></tr></table><p class="totop"><a href="#summary">back to summary</a></p>
<h3 id="m1">testngTestcases.Testcase1#doUserReg</h3><table class="result"><tr><th>Messages</th></tr><tr><td><div class="messages">Inside User Reg Test --  Testcase 1</div></td></tr></table><p class="totop"><a href="#summary">back to summary</a></p>
<h2>Assertion Test</h2><h3 id="m2">testngTestcases.Testcase2#verifyTitle</h3><table class="result"><tr><th>Messages</th></tr><tr><td><div class="messages">Soft Assert --  Testcase 2</div></td></tr><tr><th>Exception</th></tr><tr><td><div class="stacktrace">java.lang.AssertionError: The following asserts failed:
	Assert Equals&gt;&gt; Titles are not matching expected [google.com] but found [gmail.com],
	Assert True&gt;&gt; Failure occured expected [true] but found [false]
	at testngTestcases.Testcase2.verifyTitle(Testcase2.java:35)
	at java.base/java.util.ArrayList.forEach(ArrayList.java:1596)
... Removed 27 stack frames</div></td></tr></table><p class="totop"><a href="#summary">back to summary</a></p>
<h2>Depends On Method Test</h2><h3 id="m3">testngTestcases.Testcase3#doUserReg</h3><table class="result"><tr><th>Exception</th></tr><tr><td><div class="stacktrace">java.lang.AssertionError: User Registration Test is failed intentionally
	at testngTestcases.Testcase3.doUserReg(Testcase3.java:12)
	at java.base/java.util.ArrayList.forEach(ArrayList.java:1596)
... Removed 26 stack frames</div></td></tr></table><p class="totop"><a href="#summary">back to summary</a></p>
<h3 id="m4">testngTestcases.Testcase3#doLogin</h3><table class="result"><tr><th>Exception</th></tr><tr><td><div class="stacktrace">java.lang.Throwable: Method testngTestcases.Testcase3.doLogin() on instance testngTestcases.Testcase3@73eb439a depends on not successfully finished methods 
[testngTestcases.Testcase3.doUserReg() on instance testngTestcases.Testcase3@73eb439a]
	at java.base/java.util.ArrayList.forEach(ArrayList.java:1596)
... Removed 18 stack frames</div></td></tr></table><p class="totop"><a href="#summary">back to summary</a></p>
<h3 id="m5">testngTestcases.Testcase3#doSkip</h3><table class="result"><tr><th>Exception</th></tr><tr><td><div class="stacktrace">org.testng.SkipException: Skipping the test intentionally
	at testngTestcases.Testcase3.doSkip(Testcase3.java:23)
	at java.base/java.util.ArrayList.forEach(ArrayList.java:1596)
... Removed 25 stack frames</div></td></tr></table><p class="totop"><a href="#summary">back to summary</a></p>
</body>
</html>
